[INFO] Scanning for projects...
[INFO] 
[INFO] -----------------< com.healthcare:appointment-service >-----------------
[INFO] Building Appointment Service 0.0.1-SNAPSHOT
[INFO]   from pom.xml
[INFO] --------------------------------[ jar ]---------------------------------
[INFO] 
[INFO] >>> spring-boot:3.5.0:run (default-cli) > test-compile @ appointment-service >>>
[INFO] 
[INFO] --- resources:3.3.1:resources (default-resources) @ appointment-service ---
[INFO] Copying 1 resource from src/main/resources to target/classes
[INFO] Copying 0 resource from src/main/resources to target/classes
[INFO] 
[INFO] --- compiler:3.14.0:compile (default-compile) @ appointment-service ---
[INFO] Nothing to compile - all classes are up to date.
[INFO] 
[INFO] --- resources:3.3.1:testResources (default-testResources) @ appointment-service ---
[INFO] Copying 1 resource from src/test/resources to target/test-classes
[INFO] 
[INFO] --- compiler:3.14.0:testCompile (default-testCompile) @ appointment-service ---
[INFO] Nothing to compile - all classes are up to date.
[INFO] 
[INFO] <<< spring-boot:3.5.0:run (default-cli) < test-compile @ appointment-service <<<
[INFO] 
[INFO] 
[INFO] --- spring-boot:3.5.0:run (default-cli) @ appointment-service ---
[INFO] Attaching agents: []

  .   ____          _            __ _ _
 /\\ / ___'_ __ _ _(_)_ __  __ _ \ \ \ \
( ( )\___ | '_ | '_| | '_ \/ _` | \ \ \ \
 \\/  ___)| |_)| | | | | || (_| |  ) ) ) )
  '  |____| .__|_| |_|_| |_\__, | / / / /
 =========|_|==============|___/=/_/_/_/

 :: Spring Boot ::                (v3.5.0)

2026-06-18T09:24:58.834+02:00  INFO 3830 --- [appointment-service] [           main] c.h.a.AppointmentServiceApplication      : Starting AppointmentServiceApplication using Java 21.0.11 with PID 3830 (/Users/diallo/Documents/ISOSET/HealthCare/backend/appointment-service/target/classes started by diallo in /Users/diallo/Documents/ISOSET/HealthCare/backend/appointment-service)
2026-06-18T09:24:58.840+02:00  INFO 3830 --- [appointment-service] [           main] c.h.a.AppointmentServiceApplication      : No active profile set, falling back to 1 default profile: "default"
2026-06-18T09:25:02.641+02:00  INFO 3830 --- [appointment-service] [           main] .s.d.r.c.RepositoryConfigurationDelegate : Bootstrapping Spring Data JPA repositories in DEFAULT mode.
2026-06-18T09:25:02.932+02:00  INFO 3830 --- [appointment-service] [           main] .s.d.r.c.RepositoryConfigurationDelegate : Finished Spring Data repository scanning in 272 ms. Found 1 JPA repository interface.
2026-06-18T09:25:05.645+02:00  INFO 3830 --- [appointment-service] [           main] o.s.b.w.embedded.tomcat.TomcatWebServer  : Tomcat initialized with port 8085 (http)
2026-06-18T09:25:05.695+02:00  INFO 3830 --- [appointment-service] [           main] o.apache.catalina.core.StandardService   : Starting service [Tomcat]
2026-06-18T09:25:05.696+02:00  INFO 3830 --- [appointment-service] [           main] o.apache.catalina.core.StandardEngine    : Starting Servlet engine: [Apache Tomcat/10.1.41]
2026-06-18T09:25:05.906+02:00  INFO 3830 --- [appointment-service] [           main] o.a.c.c.C.[Tomcat].[localhost].[/]       : Initializing Spring embedded WebApplicationContext
2026-06-18T09:25:05.908+02:00  INFO 3830 --- [appointment-service] [           main] w.s.c.ServletWebServerApplicationContext : Root WebApplicationContext: initialization completed in 6787 ms
2026-06-18T09:25:07.633+02:00  INFO 3830 --- [appointment-service] [           main] o.hibernate.jpa.internal.util.LogHelper  : HHH000204: Processing PersistenceUnitInfo [name: default]
2026-06-18T09:25:07.779+02:00  INFO 3830 --- [appointment-service] [           main] org.hibernate.Version                    : HHH000412: Hibernate ORM core version 6.6.15.Final
2026-06-18T09:25:07.882+02:00  INFO 3830 --- [appointment-service] [           main] o.h.c.internal.RegionFactoryInitiator    : HHH000026: Second-level cache disabled
2026-06-18T09:25:09.364+02:00  INFO 3830 --- [appointment-service] [           main] o.s.o.j.p.SpringPersistenceUnitInfo      : No LoadTimeWeaver setup: ignoring JPA class transformer
2026-06-18T09:25:09.973+02:00  INFO 3830 --- [appointment-service] [           main] com.zaxxer.hikari.HikariDataSource       : HikariPool-1 - Starting...
2026-06-18T09:25:11.336+02:00  INFO 3830 --- [appointment-service] [           main] com.zaxxer.hikari.pool.HikariPool        : HikariPool-1 - Added connection org.postgresql.jdbc.PgConnection@4641f66c
2026-06-18T09:25:11.339+02:00  INFO 3830 --- [appointment-service] [           main] com.zaxxer.hikari.HikariDataSource       : HikariPool-1 - Start completed.
2026-06-18T09:25:11.883+02:00  INFO 3830 --- [appointment-service] [           main] org.hibernate.orm.connections.pooling    : HHH10001005: Database info:
	Database JDBC URL [Connecting through datasource 'HikariDataSource (HikariPool-1)']
	Database driver: undefined/unknown
	Database version: 16.14
	Autocommit mode: undefined/unknown
	Isolation level: undefined/unknown
	Minimum pool size: undefined/unknown
	Maximum pool size: undefined/unknown
2026-06-18T09:25:14.891+02:00  INFO 3830 --- [appointment-service] [           main] o.h.e.t.j.p.i.JtaPlatformInitiator       : HHH000489: No JTA platform available (set 'hibernate.transaction.jta.platform' to enable JTA platform integration)
2026-06-18T09:25:15.068+02:00  INFO 3830 --- [appointment-service] [           main] j.LocalContainerEntityManagerFactoryBean : Initialized JPA EntityManagerFactory for persistence unit 'default'
2026-06-18T09:25:16.136+02:00  WARN 3830 --- [appointment-service] [           main] .s.s.UserDetailsServiceAutoConfiguration : 

Using generated security password: a71b8475-c504-40dd-b368-44c67857b0fa

This generated password is for development use only. Your security configuration must be updated before running your application in production.

2026-06-18T09:25:16.146+02:00  INFO 3830 --- [appointment-service] [           main] r$InitializeUserDetailsManagerConfigurer : Global AuthenticationManager configured with UserDetailsService bean with name inMemoryUserDetailsManager
2026-06-18T09:25:17.693+02:00  INFO 3830 --- [appointment-service] [           main] o.s.b.w.embedded.tomcat.TomcatWebServer  : Tomcat started on port 8085 (http) with context path '/'
2026-06-18T09:25:17.708+02:00  INFO 3830 --- [appointment-service] [           main] c.h.a.AppointmentServiceApplication      : Started AppointmentServiceApplication in 21.305 seconds (process running for 23.516)
2026-06-18T09:33:00.156+02:00  INFO 3830 --- [appointment-service] [nio-8085-exec-2] o.a.c.c.C.[Tomcat].[localhost].[/]       : Initializing Spring DispatcherServlet 'dispatcherServlet'
2026-06-18T09:33:00.165+02:00  INFO 3830 --- [appointment-service] [nio-8085-exec-2] o.s.web.servlet.DispatcherServlet        : Initializing Servlet 'dispatcherServlet'
2026-06-18T09:33:00.200+02:00  INFO 3830 --- [appointment-service] [nio-8085-exec-2] o.s.web.servlet.DispatcherServlet        : Completed initialization in 34 ms
