[INFO] Scanning for projects...
[INFO] 
[INFO] ------------------< com.healthcare:hospital-service >-------------------
[INFO] Building Hospital Service 0.0.1-SNAPSHOT
[INFO]   from pom.xml
[INFO] --------------------------------[ jar ]---------------------------------
[INFO] 
[INFO] >>> spring-boot:3.5.0:run (default-cli) > test-compile @ hospital-service >>>
[INFO] 
[INFO] --- resources:3.3.1:resources (default-resources) @ hospital-service ---
[INFO] Copying 1 resource from src/main/resources to target/classes
[INFO] Copying 0 resource from src/main/resources to target/classes
[INFO] 
[INFO] --- compiler:3.14.0:compile (default-compile) @ hospital-service ---
[INFO] Nothing to compile - all classes are up to date.
[INFO] 
[INFO] --- resources:3.3.1:testResources (default-testResources) @ hospital-service ---
[INFO] Copying 1 resource from src/test/resources to target/test-classes
[INFO] 
[INFO] --- compiler:3.14.0:testCompile (default-testCompile) @ hospital-service ---
[INFO] Nothing to compile - all classes are up to date.
[INFO] 
[INFO] <<< spring-boot:3.5.0:run (default-cli) < test-compile @ hospital-service <<<
[INFO] 
[INFO] 
[INFO] --- spring-boot:3.5.0:run (default-cli) @ hospital-service ---
[INFO] Attaching agents: []

  .   ____          _            __ _ _
 /\\ / ___'_ __ _ _(_)_ __  __ _ \ \ \ \
( ( )\___ | '_ | '_| | '_ \/ _` | \ \ \ \
 \\/  ___)| |_)| | | | | || (_| |  ) ) ) )
  '  |____| .__|_| |_|_| |_\__, | / / / /
 =========|_|==============|___/=/_/_/_/

 :: Spring Boot ::                (v3.5.0)

2026-06-18T09:24:55.120+02:00  INFO 3805 --- [hospital-service] [           main] c.h.hospital.HospitalServiceApplication  : Starting HospitalServiceApplication using Java 21.0.11 with PID 3805 (/Users/diallo/Documents/ISOSET/HealthCare/backend/hospital-service/target/classes started by diallo in /Users/diallo/Documents/ISOSET/HealthCare/backend/hospital-service)
2026-06-18T09:24:55.231+02:00  INFO 3805 --- [hospital-service] [           main] c.h.hospital.HospitalServiceApplication  : No active profile set, falling back to 1 default profile: "default"
2026-06-18T09:24:59.226+02:00  INFO 3805 --- [hospital-service] [           main] .s.d.r.c.RepositoryConfigurationDelegate : Bootstrapping Spring Data JPA repositories in DEFAULT mode.
2026-06-18T09:24:59.553+02:00  INFO 3805 --- [hospital-service] [           main] .s.d.r.c.RepositoryConfigurationDelegate : Finished Spring Data repository scanning in 304 ms. Found 1 JPA repository interface.
2026-06-18T09:25:02.326+02:00  INFO 3805 --- [hospital-service] [           main] o.s.b.w.embedded.tomcat.TomcatWebServer  : Tomcat initialized with port 8082 (http)
2026-06-18T09:25:02.360+02:00  INFO 3805 --- [hospital-service] [           main] o.apache.catalina.core.StandardService   : Starting service [Tomcat]
2026-06-18T09:25:02.361+02:00  INFO 3805 --- [hospital-service] [           main] o.apache.catalina.core.StandardEngine    : Starting Servlet engine: [Apache Tomcat/10.1.41]
2026-06-18T09:25:02.586+02:00  INFO 3805 --- [hospital-service] [           main] o.a.c.c.C.[Tomcat].[localhost].[/]       : Initializing Spring embedded WebApplicationContext
2026-06-18T09:25:02.587+02:00  INFO 3805 --- [hospital-service] [           main] w.s.c.ServletWebServerApplicationContext : Root WebApplicationContext: initialization completed in 7075 ms
2026-06-18T09:25:03.865+02:00  INFO 3805 --- [hospital-service] [           main] o.hibernate.jpa.internal.util.LogHelper  : HHH000204: Processing PersistenceUnitInfo [name: default]
2026-06-18T09:25:04.131+02:00  INFO 3805 --- [hospital-service] [           main] org.hibernate.Version                    : HHH000412: Hibernate ORM core version 6.6.15.Final
2026-06-18T09:25:04.300+02:00  INFO 3805 --- [hospital-service] [           main] o.h.c.internal.RegionFactoryInitiator    : HHH000026: Second-level cache disabled
2026-06-18T09:25:05.418+02:00  INFO 3805 --- [hospital-service] [           main] o.s.o.j.p.SpringPersistenceUnitInfo      : No LoadTimeWeaver setup: ignoring JPA class transformer
2026-06-18T09:25:05.549+02:00  INFO 3805 --- [hospital-service] [           main] com.zaxxer.hikari.HikariDataSource       : HikariPool-1 - Starting...
2026-06-18T09:25:06.295+02:00  INFO 3805 --- [hospital-service] [           main] com.zaxxer.hikari.pool.HikariPool        : HikariPool-1 - Added connection org.postgresql.jdbc.PgConnection@2cacb445
2026-06-18T09:25:06.299+02:00  INFO 3805 --- [hospital-service] [           main] com.zaxxer.hikari.HikariDataSource       : HikariPool-1 - Start completed.
2026-06-18T09:25:06.897+02:00  INFO 3805 --- [hospital-service] [           main] org.hibernate.orm.connections.pooling    : HHH10001005: Database info:
	Database JDBC URL [Connecting through datasource 'HikariDataSource (HikariPool-1)']
	Database driver: undefined/unknown
	Database version: 16.14
	Autocommit mode: undefined/unknown
	Isolation level: undefined/unknown
	Minimum pool size: undefined/unknown
	Maximum pool size: undefined/unknown
2026-06-18T09:25:11.664+02:00  INFO 3805 --- [hospital-service] [           main] o.h.e.t.j.p.i.JtaPlatformInitiator       : HHH000489: No JTA platform available (set 'hibernate.transaction.jta.platform' to enable JTA platform integration)
2026-06-18T09:25:12.023+02:00  INFO 3805 --- [hospital-service] [           main] j.LocalContainerEntityManagerFactoryBean : Initialized JPA EntityManagerFactory for persistence unit 'default'
2026-06-18T09:25:14.028+02:00  WARN 3805 --- [hospital-service] [           main] .s.s.UserDetailsServiceAutoConfiguration : 

Using generated security password: 9f56dafe-1ab4-4c24-93e9-8e0e04be24dc

This generated password is for development use only. Your security configuration must be updated before running your application in production.

2026-06-18T09:25:14.058+02:00  INFO 3805 --- [hospital-service] [           main] r$InitializeUserDetailsManagerConfigurer : Global AuthenticationManager configured with UserDetailsService bean with name inMemoryUserDetailsManager
2026-06-18T09:25:16.013+02:00  INFO 3805 --- [hospital-service] [           main] o.s.b.w.embedded.tomcat.TomcatWebServer  : Tomcat started on port 8082 (http) with context path '/'
2026-06-18T09:25:16.034+02:00  INFO 3805 --- [hospital-service] [           main] c.h.hospital.HospitalServiceApplication  : Started HospitalServiceApplication in 23.352 seconds (process running for 25.822)
2026-06-18T09:33:00.240+02:00  INFO 3805 --- [hospital-service] [nio-8082-exec-2] o.a.c.c.C.[Tomcat].[localhost].[/]       : Initializing Spring DispatcherServlet 'dispatcherServlet'
2026-06-18T09:33:00.246+02:00  INFO 3805 --- [hospital-service] [nio-8082-exec-2] o.s.web.servlet.DispatcherServlet        : Initializing Servlet 'dispatcherServlet'
2026-06-18T09:33:00.279+02:00  INFO 3805 --- [hospital-service] [nio-8082-exec-2] o.s.web.servlet.DispatcherServlet        : Completed initialization in 32 ms
