[INFO] Scanning for projects...
[INFO] 
[INFO] ----------------< com.healthcare:notification-service >-----------------
[INFO] Building Notification Service 0.0.1-SNAPSHOT
[INFO]   from pom.xml
[INFO] --------------------------------[ jar ]---------------------------------
[INFO] 
[INFO] >>> spring-boot:3.5.0:run (default-cli) > test-compile @ notification-service >>>
[INFO] 
[INFO] --- resources:3.3.1:resources (default-resources) @ notification-service ---
[INFO] Copying 1 resource from src/main/resources to target/classes
[INFO] Copying 0 resource from src/main/resources to target/classes
[INFO] 
[INFO] --- compiler:3.14.0:compile (default-compile) @ notification-service ---
[INFO] Nothing to compile - all classes are up to date.
[INFO] 
[INFO] --- resources:3.3.1:testResources (default-testResources) @ notification-service ---
[INFO] Copying 1 resource from src/test/resources to target/test-classes
[INFO] 
[INFO] --- compiler:3.14.0:testCompile (default-testCompile) @ notification-service ---
[INFO] Nothing to compile - all classes are up to date.
[INFO] 
[INFO] <<< spring-boot:3.5.0:run (default-cli) < test-compile @ notification-service <<<
[INFO] 
[INFO] 
[INFO] --- spring-boot:3.5.0:run (default-cli) @ notification-service ---
[INFO] Attaching agents: []

  .   ____          _            __ _ _
 /\\ / ___'_ __ _ _(_)_ __  __ _ \ \ \ \
( ( )\___ | '_ | '_| | '_ \/ _` | \ \ \ \
 \\/  ___)| |_)| | | | | || (_| |  ) ) ) )
  '  |____| .__|_| |_|_| |_\__, | / / / /
 =========|_|==============|___/=/_/_/_/

 :: Spring Boot ::                (v3.5.0)

2026-06-18T09:24:46.110+02:00  INFO 3734 --- [notification-service] [           main] c.h.n.NotificationServiceApplication     : Starting NotificationServiceApplication using Java 21.0.11 with PID 3734 (/Users/diallo/Documents/ISOSET/HealthCare/backend/notification-service/target/classes started by diallo in /Users/diallo/Documents/ISOSET/HealthCare/backend/notification-service)
2026-06-18T09:24:46.116+02:00  INFO 3734 --- [notification-service] [           main] c.h.n.NotificationServiceApplication     : No active profile set, falling back to 1 default profile: "default"
2026-06-18T09:24:51.503+02:00  INFO 3734 --- [notification-service] [           main] .s.d.r.c.RepositoryConfigurationDelegate : Bootstrapping Spring Data JPA repositories in DEFAULT mode.
2026-06-18T09:24:51.768+02:00  INFO 3734 --- [notification-service] [           main] .s.d.r.c.RepositoryConfigurationDelegate : Finished Spring Data repository scanning in 244 ms. Found 1 JPA repository interface.
2026-06-18T09:24:55.300+02:00  INFO 3734 --- [notification-service] [           main] o.s.b.w.embedded.tomcat.TomcatWebServer  : Tomcat initialized with port 8086 (http)
2026-06-18T09:24:55.331+02:00  INFO 3734 --- [notification-service] [           main] o.apache.catalina.core.StandardService   : Starting service [Tomcat]
2026-06-18T09:24:55.332+02:00  INFO 3734 --- [notification-service] [           main] o.apache.catalina.core.StandardEngine    : Starting Servlet engine: [Apache Tomcat/10.1.41]
2026-06-18T09:24:55.819+02:00  INFO 3734 --- [notification-service] [           main] o.a.c.c.C.[Tomcat].[localhost].[/]       : Initializing Spring embedded WebApplicationContext
2026-06-18T09:24:55.825+02:00  INFO 3734 --- [notification-service] [           main] w.s.c.ServletWebServerApplicationContext : Root WebApplicationContext: initialization completed in 9371 ms
2026-06-18T09:24:57.211+02:00  INFO 3734 --- [notification-service] [           main] o.hibernate.jpa.internal.util.LogHelper  : HHH000204: Processing PersistenceUnitInfo [name: default]
2026-06-18T09:24:57.503+02:00  INFO 3734 --- [notification-service] [           main] org.hibernate.Version                    : HHH000412: Hibernate ORM core version 6.6.15.Final
2026-06-18T09:24:57.731+02:00  INFO 3734 --- [notification-service] [           main] o.h.c.internal.RegionFactoryInitiator    : HHH000026: Second-level cache disabled
2026-06-18T09:24:59.338+02:00  INFO 3734 --- [notification-service] [           main] o.s.o.j.p.SpringPersistenceUnitInfo      : No LoadTimeWeaver setup: ignoring JPA class transformer
2026-06-18T09:24:59.403+02:00  INFO 3734 --- [notification-service] [           main] com.zaxxer.hikari.HikariDataSource       : HikariPool-1 - Starting...
2026-06-18T09:25:00.489+02:00  INFO 3734 --- [notification-service] [           main] com.zaxxer.hikari.pool.HikariPool        : HikariPool-1 - Added connection org.postgresql.jdbc.PgConnection@ca10069
2026-06-18T09:25:00.493+02:00  INFO 3734 --- [notification-service] [           main] com.zaxxer.hikari.HikariDataSource       : HikariPool-1 - Start completed.
2026-06-18T09:25:00.932+02:00  INFO 3734 --- [notification-service] [           main] org.hibernate.orm.connections.pooling    : HHH10001005: Database info:
	Database JDBC URL [Connecting through datasource 'HikariDataSource (HikariPool-1)']
	Database driver: undefined/unknown
	Database version: 16.14
	Autocommit mode: undefined/unknown
	Isolation level: undefined/unknown
	Minimum pool size: undefined/unknown
	Maximum pool size: undefined/unknown
2026-06-18T09:25:04.280+02:00  INFO 3734 --- [notification-service] [           main] o.h.e.t.j.p.i.JtaPlatformInitiator       : HHH000489: No JTA platform available (set 'hibernate.transaction.jta.platform' to enable JTA platform integration)
2026-06-18T09:25:04.600+02:00  INFO 3734 --- [notification-service] [           main] j.LocalContainerEntityManagerFactoryBean : Initialized JPA EntityManagerFactory for persistence unit 'default'
2026-06-18T09:25:06.817+02:00  WARN 3734 --- [notification-service] [           main] .s.s.UserDetailsServiceAutoConfiguration : 

Using generated security password: 7122e79e-a867-4e38-b3ad-7382eb60f41a

This generated password is for development use only. Your security configuration must be updated before running your application in production.

2026-06-18T09:25:06.885+02:00  INFO 3734 --- [notification-service] [           main] r$InitializeUserDetailsManagerConfigurer : Global AuthenticationManager configured with UserDetailsService bean with name inMemoryUserDetailsManager
2026-06-18T09:25:11.885+02:00  INFO 3734 --- [notification-service] [           main] o.s.b.w.embedded.tomcat.TomcatWebServer  : Tomcat started on port 8086 (http) with context path '/'
2026-06-18T09:25:11.950+02:00  INFO 3734 --- [notification-service] [           main] c.h.n.NotificationServiceApplication     : Started NotificationServiceApplication in 28.834 seconds (process running for 31.344)
2026-06-18T09:33:00.152+02:00  INFO 3734 --- [notification-service] [nio-8086-exec-2] o.a.c.c.C.[Tomcat].[localhost].[/]       : Initializing Spring DispatcherServlet 'dispatcherServlet'
2026-06-18T09:33:00.164+02:00  INFO 3734 --- [notification-service] [nio-8086-exec-2] o.s.web.servlet.DispatcherServlet        : Initializing Servlet 'dispatcherServlet'
2026-06-18T09:33:00.197+02:00  INFO 3734 --- [notification-service] [nio-8086-exec-2] o.s.web.servlet.DispatcherServlet        : Completed initialization in 32 ms
