[INFO] Scanning for projects...
[INFO] 
[INFO] -------------------< com.healthcare:patient-service >-------------------
[INFO] Building Patient Service 0.0.1-SNAPSHOT
[INFO]   from pom.xml
[INFO] --------------------------------[ jar ]---------------------------------
[INFO] 
[INFO] >>> spring-boot:3.5.0:run (default-cli) > test-compile @ patient-service >>>
[INFO] 
[INFO] --- resources:3.3.1:resources (default-resources) @ patient-service ---
[INFO] Copying 1 resource from src/main/resources to target/classes
[INFO] Copying 0 resource from src/main/resources to target/classes
[INFO] 
[INFO] --- compiler:3.14.0:compile (default-compile) @ patient-service ---
[INFO] Nothing to compile - all classes are up to date.
[INFO] 
[INFO] --- resources:3.3.1:testResources (default-testResources) @ patient-service ---
[INFO] Copying 1 resource from src/test/resources to target/test-classes
[INFO] 
[INFO] --- compiler:3.14.0:testCompile (default-testCompile) @ patient-service ---
[INFO] Nothing to compile - all classes are up to date.
[INFO] 
[INFO] <<< spring-boot:3.5.0:run (default-cli) < test-compile @ patient-service <<<
[INFO] 
[INFO] 
[INFO] --- spring-boot:3.5.0:run (default-cli) @ patient-service ---
[INFO] Attaching agents: []

  .   ____          _            __ _ _
 /\\ / ___'_ __ _ _(_)_ __  __ _ \ \ \ \
( ( )\___ | '_ | '_| | '_ \/ _` | \ \ \ \
 \\/  ___)| |_)| | | | | || (_| |  ) ) ) )
  '  |____| .__|_| |_|_| |_\__, | / / / /
 =========|_|==============|___/=/_/_/_/

 :: Spring Boot ::                (v3.5.0)

2026-06-18T09:24:51.849+02:00  INFO 3778 --- [patient-service] [           main] c.h.patient.PatientServiceApplication    : Starting PatientServiceApplication using Java 21.0.11 with PID 3778 (/Users/diallo/Documents/ISOSET/HealthCare/backend/patient-service/target/classes started by diallo in /Users/diallo/Documents/ISOSET/HealthCare/backend/patient-service)
2026-06-18T09:24:51.857+02:00  INFO 3778 --- [patient-service] [           main] c.h.patient.PatientServiceApplication    : No active profile set, falling back to 1 default profile: "default"
2026-06-18T09:24:56.135+02:00  INFO 3778 --- [patient-service] [           main] .s.d.r.c.RepositoryConfigurationDelegate : Bootstrapping Spring Data JPA repositories in DEFAULT mode.
2026-06-18T09:24:56.374+02:00  INFO 3778 --- [patient-service] [           main] .s.d.r.c.RepositoryConfigurationDelegate : Finished Spring Data repository scanning in 190 ms. Found 1 JPA repository interface.
2026-06-18T09:24:59.578+02:00  INFO 3778 --- [patient-service] [           main] o.s.b.w.embedded.tomcat.TomcatWebServer  : Tomcat initialized with port 8083 (http)
2026-06-18T09:24:59.652+02:00  INFO 3778 --- [patient-service] [           main] o.apache.catalina.core.StandardService   : Starting service [Tomcat]
2026-06-18T09:24:59.652+02:00  INFO 3778 --- [patient-service] [           main] o.apache.catalina.core.StandardEngine    : Starting Servlet engine: [Apache Tomcat/10.1.41]
2026-06-18T09:24:59.962+02:00  INFO 3778 --- [patient-service] [           main] o.a.c.c.C.[Tomcat].[localhost].[/]       : Initializing Spring embedded WebApplicationContext
2026-06-18T09:24:59.963+02:00  INFO 3778 --- [patient-service] [           main] w.s.c.ServletWebServerApplicationContext : Root WebApplicationContext: initialization completed in 7847 ms
2026-06-18T09:25:01.615+02:00  INFO 3778 --- [patient-service] [           main] o.hibernate.jpa.internal.util.LogHelper  : HHH000204: Processing PersistenceUnitInfo [name: default]
2026-06-18T09:25:01.801+02:00  INFO 3778 --- [patient-service] [           main] org.hibernate.Version                    : HHH000412: Hibernate ORM core version 6.6.15.Final
2026-06-18T09:25:01.883+02:00  INFO 3778 --- [patient-service] [           main] o.h.c.internal.RegionFactoryInitiator    : HHH000026: Second-level cache disabled
2026-06-18T09:25:03.142+02:00  INFO 3778 --- [patient-service] [           main] o.s.o.j.p.SpringPersistenceUnitInfo      : No LoadTimeWeaver setup: ignoring JPA class transformer
2026-06-18T09:25:03.299+02:00  INFO 3778 --- [patient-service] [           main] com.zaxxer.hikari.HikariDataSource       : HikariPool-1 - Starting...
2026-06-18T09:25:04.144+02:00  INFO 3778 --- [patient-service] [           main] com.zaxxer.hikari.pool.HikariPool        : HikariPool-1 - Added connection org.postgresql.jdbc.PgConnection@6b0ba697
2026-06-18T09:25:04.146+02:00  INFO 3778 --- [patient-service] [           main] com.zaxxer.hikari.HikariDataSource       : HikariPool-1 - Start completed.
2026-06-18T09:25:04.375+02:00  INFO 3778 --- [patient-service] [           main] org.hibernate.orm.connections.pooling    : HHH10001005: Database info:
	Database JDBC URL [Connecting through datasource 'HikariDataSource (HikariPool-1)']
	Database driver: undefined/unknown
	Database version: 16.14
	Autocommit mode: undefined/unknown
	Isolation level: undefined/unknown
	Minimum pool size: undefined/unknown
	Maximum pool size: undefined/unknown
2026-06-18T09:25:08.412+02:00  INFO 3778 --- [patient-service] [           main] o.h.e.t.j.p.i.JtaPlatformInitiator       : HHH000489: No JTA platform available (set 'hibernate.transaction.jta.platform' to enable JTA platform integration)
2026-06-18T09:25:08.768+02:00  INFO 3778 --- [patient-service] [           main] j.LocalContainerEntityManagerFactoryBean : Initialized JPA EntityManagerFactory for persistence unit 'default'
2026-06-18T09:25:12.109+02:00  WARN 3778 --- [patient-service] [           main] .s.s.UserDetailsServiceAutoConfiguration : 

Using generated security password: 18f9c88b-3bab-43b5-99fc-282ff2e2aa2f

This generated password is for development use only. Your security configuration must be updated before running your application in production.

2026-06-18T09:25:12.152+02:00  INFO 3778 --- [patient-service] [           main] r$InitializeUserDetailsManagerConfigurer : Global AuthenticationManager configured with UserDetailsService bean with name inMemoryUserDetailsManager
2026-06-18T09:25:14.916+02:00  INFO 3778 --- [patient-service] [           main] o.s.b.w.embedded.tomcat.TomcatWebServer  : Tomcat started on port 8083 (http) with context path '/'
2026-06-18T09:25:14.936+02:00  INFO 3778 --- [patient-service] [           main] c.h.patient.PatientServiceApplication    : Started PatientServiceApplication in 26.169 seconds (process running for 28.626)
2026-06-18T09:33:00.253+02:00  INFO 3778 --- [patient-service] [nio-8083-exec-2] o.a.c.c.C.[Tomcat].[localhost].[/]       : Initializing Spring DispatcherServlet 'dispatcherServlet'
2026-06-18T09:33:00.262+02:00  INFO 3778 --- [patient-service] [nio-8083-exec-2] o.s.web.servlet.DispatcherServlet        : Initializing Servlet 'dispatcherServlet'
2026-06-18T09:33:00.314+02:00  INFO 3778 --- [patient-service] [nio-8083-exec-2] o.s.web.servlet.DispatcherServlet        : Completed initialization in 51 ms
